{"C:\\Users\\Admin\\Desktop\\New folder\\toDoList\\src\\todolist.js": {"path":"C:\\Users\\Admin\\Desktop\\New folder\\toDoList\\src\\todolist.js","statementMap":{"0":{"start":{"line":4,"column":28},"end":{"line":4,"column":73}},"1":{"start":{"line":5,"column":4},"end":{"line":9,"column":5}},"2":{"start":{"line":6,"column":6},"end":{"line":6,"column":34}},"3":{"start":{"line":8,"column":6},"end":{"line":8,"column":21}},"4":{"start":{"line":13,"column":4},"end":{"line":13,"column":26}},"5":{"start":{"line":14,"column":27},"end":{"line":14,"column":73}},"6":{"start":{"line":15,"column":4},"end":{"line":15,"column":34}},"7":{"start":{"line":16,"column":4},"end":{"line":35,"column":7}},"8":{"start":{"line":17,"column":21},"end":{"line":20,"column":11}},"9":{"start":{"line":21,"column":6},"end":{"line":29,"column":7}},"10":{"start":{"line":22,"column":8},"end":{"line":24,"column":134}},"11":{"start":{"line":26,"column":8},"end":{"line":28,"column":120}},"12":{"start":{"line":30,"column":6},"end":{"line":33,"column":13}},"13":{"start":{"line":34,"column":6},"end":{"line":34,"column":43}},"14":{"start":{"line":36,"column":4},"end":{"line":36,"column":30}},"15":{"start":{"line":40,"column":4},"end":{"line":47,"column":5}},"16":{"start":{"line":41,"column":6},"end":{"line":45,"column":9}},"17":{"start":{"line":46,"column":6},"end":{"line":46,"column":23}},"18":{"start":{"line":51,"column":4},"end":{"line":54,"column":5}},"19":{"start":{"line":52,"column":6},"end":{"line":52,"column":37}},"20":{"start":{"line":53,"column":6},"end":{"line":53,"column":23}},"21":{"start":{"line":58,"column":4},"end":{"line":64,"column":7}},"22":{"start":{"line":59,"column":19},"end":{"line":59,"column":26}},"23":{"start":{"line":60,"column":19},"end":{"line":60,"column":26}},"24":{"start":{"line":61,"column":6},"end":{"line":61,"column":33}},"25":{"start":{"line":61,"column":23},"end":{"line":61,"column":33}},"26":{"start":{"line":62,"column":6},"end":{"line":62,"column":32}},"27":{"start":{"line":62,"column":23},"end":{"line":62,"column":32}},"28":{"start":{"line":63,"column":6},"end":{"line":63,"column":15}},"29":{"start":{"line":68,"column":4},"end":{"line":70,"column":7}},"30":{"start":{"line":69,"column":6},"end":{"line":69,"column":37}},"31":{"start":{"line":71,"column":4},"end":{"line":71,"column":16}},"32":{"start":{"line":72,"column":4},"end":{"line":72,"column":65}},"33":{"start":{"line":76,"column":19},"end":{"line":76,"column":21}},"34":{"start":{"line":77,"column":4},"end":{"line":81,"column":7}},"35":{"start":{"line":78,"column":6},"end":{"line":80,"column":7}},"36":{"start":{"line":79,"column":8},"end":{"line":79,"column":26}},"37":{"start":{"line":82,"column":4},"end":{"line":82,"column":23}},"38":{"start":{"line":83,"column":4},"end":{"line":83,"column":21}},"39":{"start":{"line":87,"column":20},"end":{"line":87,"column":58}},"40":{"start":{"line":88,"column":4},"end":{"line":101,"column":7}},"41":{"start":{"line":89,"column":6},"end":{"line":100,"column":9}},"42":{"start":{"line":90,"column":26},"end":{"line":90,"column":55}},"43":{"start":{"line":91,"column":27},"end":{"line":91,"column":45}},"44":{"start":{"line":92,"column":8},"end":{"line":98,"column":9}},"45":{"start":{"line":93,"column":10},"end":{"line":93,"column":49}},"46":{"start":{"line":94,"column":10},"end":{"line":94,"column":79}},"47":{"start":{"line":96,"column":10},"end":{"line":96,"column":48}},"48":{"start":{"line":97,"column":10},"end":{"line":97,"column":76}},"49":{"start":{"line":99,"column":8},"end":{"line":99,"column":30}},"50":{"start":{"line":103,"column":23},"end":{"line":103,"column":59}},"51":{"start":{"line":104,"column":4},"end":{"line":110,"column":7}},"52":{"start":{"line":105,"column":6},"end":{"line":109,"column":9}},"53":{"start":{"line":106,"column":25},"end":{"line":106,"column":52}},"54":{"start":{"line":107,"column":8},"end":{"line":107,"column":34}},"55":{"start":{"line":108,"column":8},"end":{"line":108,"column":25}}},"fnMap":{"0":{"name":"(anonymous_0)","decl":{"start":{"line":3,"column":2},"end":{"line":3,"column":3}},"loc":{"start":{"line":3,"column":16},"end":{"line":10,"column":3}},"line":3},"1":{"name":"(anonymous_1)","decl":{"start":{"line":12,"column":2},"end":{"line":12,"column":3}},"loc":{"start":{"line":12,"column":14},"end":{"line":37,"column":3}},"line":12},"2":{"name":"(anonymous_2)","decl":{"start":{"line":16,"column":22},"end":{"line":16,"column":23}},"loc":{"start":{"line":16,"column":32},"end":{"line":35,"column":5}},"line":16},"3":{"name":"(anonymous_3)","decl":{"start":{"line":39,"column":2},"end":{"line":39,"column":3}},"loc":{"start":{"line":39,"column":20},"end":{"line":48,"column":3}},"line":39},"4":{"name":"(anonymous_4)","decl":{"start":{"line":50,"column":2},"end":{"line":50,"column":3}},"loc":{"start":{"line":50,"column":24},"end":{"line":55,"column":3}},"line":50},"5":{"name":"(anonymous_5)","decl":{"start":{"line":57,"column":2},"end":{"line":57,"column":3}},"loc":{"start":{"line":57,"column":9},"end":{"line":65,"column":3}},"line":57},"6":{"name":"(anonymous_6)","decl":{"start":{"line":58,"column":19},"end":{"line":58,"column":20}},"loc":{"start":{"line":58,"column":29},"end":{"line":64,"column":5}},"line":58},"7":{"name":"(anonymous_7)","decl":{"start":{"line":67,"column":2},"end":{"line":67,"column":3}},"loc":{"start":{"line":67,"column":19},"end":{"line":73,"column":3}},"line":67},"8":{"name":"(anonymous_8)","decl":{"start":{"line":68,"column":22},"end":{"line":68,"column":23}},"loc":{"start":{"line":68,"column":39},"end":{"line":70,"column":5}},"line":68},"9":{"name":"(anonymous_9)","decl":{"start":{"line":75,"column":2},"end":{"line":75,"column":3}},"loc":{"start":{"line":75,"column":19},"end":{"line":84,"column":3}},"line":75},"10":{"name":"(anonymous_10)","decl":{"start":{"line":77,"column":22},"end":{"line":77,"column":23}},"loc":{"start":{"line":77,"column":32},"end":{"line":81,"column":5}},"line":77},"11":{"name":"(anonymous_11)","decl":{"start":{"line":86,"column":2},"end":{"line":86,"column":3}},"loc":{"start":{"line":86,"column":23},"end":{"line":111,"column":3}},"line":86},"12":{"name":"(anonymous_12)","decl":{"start":{"line":88,"column":20},"end":{"line":88,"column":21}},"loc":{"start":{"line":88,"column":33},"end":{"line":101,"column":5}},"line":88},"13":{"name":"(anonymous_13)","decl":{"start":{"line":89,"column":41},"end":{"line":89,"column":42}},"loc":{"start":{"line":89,"column":47},"end":{"line":100,"column":7}},"line":89},"14":{"name":"(anonymous_14)","decl":{"start":{"line":104,"column":23},"end":{"line":104,"column":24}},"loc":{"start":{"line":104,"column":38},"end":{"line":110,"column":5}},"line":104},"15":{"name":"(anonymous_15)","decl":{"start":{"line":105,"column":42},"end":{"line":105,"column":43}},"loc":{"start":{"line":105,"column":49},"end":{"line":109,"column":7}},"line":105}},"branchMap":{"0":{"loc":{"start":{"line":5,"column":4},"end":{"line":9,"column":5}},"type":"if","locations":[{"start":{"line":5,"column":4},"end":{"line":9,"column":5}},{"start":{"line":7,"column":11},"end":{"line":9,"column":5}}],"line":5},"1":{"loc":{"start":{"line":21,"column":6},"end":{"line":29,"column":7}},"type":"if","locations":[{"start":{"line":21,"column":6},"end":{"line":29,"column":7}},{"start":{"line":25,"column":13},"end":{"line":29,"column":7}}],"line":21},"2":{"loc":{"start":{"line":40,"column":4},"end":{"line":47,"column":5}},"type":"if","locations":[{"start":{"line":40,"column":4},"end":{"line":47,"column":5}},{"start":{},"end":{}}],"line":40},"3":{"loc":{"start":{"line":51,"column":4},"end":{"line":54,"column":5}},"type":"if","locations":[{"start":{"line":51,"column":4},"end":{"line":54,"column":5}},{"start":{},"end":{}}],"line":51},"4":{"loc":{"start":{"line":61,"column":6},"end":{"line":61,"column":33}},"type":"if","locations":[{"start":{"line":61,"column":6},"end":{"line":61,"column":33}},{"start":{},"end":{}}],"line":61},"5":{"loc":{"start":{"line":62,"column":6},"end":{"line":62,"column":32}},"type":"if","locations":[{"start":{"line":62,"column":6},"end":{"line":62,"column":32}},{"start":{},"end":{}}],"line":62},"6":{"loc":{"start":{"line":78,"column":6},"end":{"line":80,"column":7}},"type":"if","locations":[{"start":{"line":78,"column":6},"end":{"line":80,"column":7}},{"start":{},"end":{}}],"line":78},"7":{"loc":{"start":{"line":92,"column":8},"end":{"line":98,"column":9}},"type":"if","locations":[{"start":{"line":92,"column":8},"end":{"line":98,"column":9}},{"start":{"line":95,"column":15},"end":{"line":98,"column":9}}],"line":92}},"s":{"0":2,"1":2,"2":1,"3":1,"4":2,"5":2,"6":2,"7":2,"8":1,"9":1,"10":0,"11":1,"12":1,"13":1,"14":2,"15":1,"16":1,"17":1,"18":1,"19":1,"20":1,"21":2,"22":0,"23":0,"24":0,"25":0,"26":0,"27":0,"28":0,"29":2,"30":1,"31":2,"32":2,"33":0,"34":0,"35":0,"36":0,"37":0,"38":0,"39":2,"40":2,"41":1,"42":0,"43":0,"44":0,"45":0,"46":0,"47":0,"48":0,"49":0,"50":2,"51":2,"52":1,"53":0,"54":0,"55":0},"f":{"0":2,"1":2,"2":1,"3":1,"4":1,"5":2,"6":0,"7":2,"8":1,"9":0,"10":0,"11":2,"12":1,"13":0,"14":1,"15":0},"b":{"0":[1,1],"1":[0,1],"2":[1,0],"3":[1,0],"4":[0,0],"5":[0,0],"6":[0,0],"7":[0,0]},"_coverageSchema":"1a1c01bbd47fc00a2c39e90264f33305004495a9","hash":"c387508d7e84bfe6462d29707001e0667152ba3d"}
}
