TN:
SF:src\todolist.js
FN:3,(anonymous_0)
FN:12,(anonymous_1)
FN:16,(anonymous_2)
FN:39,(anonymous_3)
FN:50,(anonymous_4)
FN:57,(anonymous_5)
FN:58,(anonymous_6)
FN:67,(anonymous_7)
FN:68,(anonymous_8)
FN:75,(anonymous_9)
FN:77,(anonymous_10)
FN:86,(anonymous_11)
FN:88,(anonymous_12)
FN:89,(anonymous_13)
FN:104,(anonymous_14)
FN:105,(anonymous_15)
FNF:16
FNH:11
FNDA:2,(anonymous_0)
FNDA:2,(anonymous_1)
FNDA:1,(anonymous_2)
FNDA:1,(anonymous_3)
FNDA:1,(anonymous_4)
FNDA:2,(anonymous_5)
FNDA:0,(anonymous_6)
FNDA:2,(anonymous_7)
FNDA:1,(anonymous_8)
FNDA:0,(anonymous_9)
FNDA:0,(anonymous_10)
FNDA:2,(anonymous_11)
FNDA:1,(anonymous_12)
FNDA:0,(anonymous_13)
FNDA:1,(anonymous_14)
FNDA:0,(anonymous_15)
DA:4,2
DA:5,2
DA:6,1
DA:8,1
DA:13,2
DA:14,2
DA:15,2
DA:16,2
DA:17,1
DA:21,1
DA:22,0
DA:26,1
DA:30,1
DA:34,1
DA:36,2
DA:40,1
DA:41,1
DA:46,1
DA:51,1
DA:52,1
DA:53,1
DA:58,2
DA:59,0
DA:60,0
DA:61,0
DA:62,0
DA:63,0
DA:68,2
DA:69,1
DA:71,2
DA:72,2
DA:76,0
DA:77,0
DA:78,0
DA:79,0
DA:82,0
DA:83,0
DA:87,2
DA:88,2
DA:89,1
DA:90,0
DA:91,0
DA:92,0
DA:93,0
DA:94,0
DA:96,0
DA:97,0
DA:99,0
DA:103,2
DA:104,2
DA:105,1
DA:106,0
DA:107,0
DA:108,0
LF:54
LH:31
BRDA:5,0,0,1
BRDA:5,0,1,1
BRDA:21,1,0,0
BRDA:21,1,1,1
BRDA:40,2,0,1
BRDA:40,2,1,0
BRDA:51,3,0,1
BRDA:51,3,1,0
BRDA:61,4,0,0
BRDA:61,4,1,0
BRDA:62,5,0,0
BRDA:62,5,1,0
BRDA:78,6,0,0
BRDA:78,6,1,0
BRDA:92,7,0,0
BRDA:92,7,1,0
BRF:16
BRH:5
end_of_record
